Using pre-set license
Built from '2022.3/staging' branch; Version is '2022.3.23f1 (dbb3f7c5b5c6) revision 14398455'; Using compiler version '192829333'; Build Type 'Release'
OS: 'Windows 11  (10.0.22631) 64bit Enterprise' Language: 'de' Physical Memory: 31957 MB
BatchMode: 1, IsHumanControllingUs: 0, StartBugReporterOnCrash: 0, Is64bit: 1, IsPro: 1

COMMAND LINE ARGUMENTS:
C:\Program Files\Unity\Hub\Editor\2022.3.23f1\Editor\Unity.exe
-adb2
-batchMode
-noUpm
-name
AssetImportWorker0
-projectPath
C:/tmp/GRPCCPPAndroidIssue
-logFile
Logs/AssetImportWorker0.log
-srvPort
9647
Successfully changed project path to: C:/tmp/GRPCCPPAndroidIssue
C:/tmp/GRPCCPPAndroidIssue
[UnityMemory] Configuration Parameters - Can be set up in boot.config
    "memorysetup-bucket-allocator-granularity=16"
    "memorysetup-bucket-allocator-bucket-count=8"
    "memorysetup-bucket-allocator-block-size=33554432"
    "memorysetup-bucket-allocator-block-count=8"
    "memorysetup-main-allocator-block-size=16777216"
    "memorysetup-thread-allocator-block-size=16777216"
    "memorysetup-gfx-main-allocator-block-size=16777216"
    "memorysetup-gfx-thread-allocator-block-size=16777216"
    "memorysetup-cache-allocator-block-size=4194304"
    "memorysetup-typetree-allocator-block-size=2097152"
    "memorysetup-profiler-bucket-allocator-granularity=16"
    "memorysetup-profiler-bucket-allocator-bucket-count=8"
    "memorysetup-profiler-bucket-allocator-block-size=33554432"
    "memorysetup-profiler-bucket-allocator-block-count=8"
    "memorysetup-profiler-allocator-block-size=16777216"
    "memorysetup-profiler-editor-allocator-block-size=1048576"
    "memorysetup-temp-allocator-size-main=16777216"
    "memorysetup-job-temp-allocator-block-size=2097152"
    "memorysetup-job-temp-allocator-block-size-background=1048576"
    "memorysetup-job-temp-allocator-reduction-small-platforms=262144"
    "memorysetup-allocator-temp-initial-block-size-main=262144"
    "memorysetup-allocator-temp-initial-block-size-worker=262144"
    "memorysetup-temp-allocator-size-background-worker=32768"
    "memorysetup-temp-allocator-size-job-worker=262144"
    "memorysetup-temp-allocator-size-preload-manager=33554432"
    "memorysetup-temp-allocator-size-nav-mesh-worker=65536"
    "memorysetup-temp-allocator-size-audio-worker=65536"
    "memorysetup-temp-allocator-size-cloud-worker=32768"
    "memorysetup-temp-allocator-size-gi-baking-worker=262144"
    "memorysetup-temp-allocator-size-gfx=262144"
Player connection [24216] Host "[IP] 172.28.48.1 [Port] 0 [Flags] 2 [Guid] 1898336378 [EditorId] 1898336378 [Version] 1048832 [Id] WindowsEditor(7,DE-L087110) [Debug] 1 [PackageName] WindowsEditor [ProjectName] Editor" joined multi-casting on [225.0.0.222:54997]...

Player connection [24216] Host "[IP] 172.28.48.1 [Port] 0 [Flags] 2 [Guid] 1898336378 [EditorId] 1898336378 [Version] 1048832 [Id] WindowsEditor(7,DE-L087110) [Debug] 1 [PackageName] WindowsEditor [ProjectName] Editor" joined alternative multi-casting on [225.0.0.222:34997]...

[Physics::Module] Initialized MultithreadedJobDispatcher with 15 workers.
Refreshing native plugins compatible for Editor in 12.05 ms, found 3 plugins.
Preloading 0 native plugins for Editor in 0.00 ms.
Initialize engine version: 2022.3.23f1 (dbb3f7c5b5c6)
[Subsystems] Discovering subsystems at path C:/Program Files/Unity/Hub/Editor/2022.3.23f1/Editor/Data/Resources/UnitySubsystems
[Subsystems] Discovering subsystems at path C:/tmp/GRPCCPPAndroidIssue/Assets
GfxDevice: creating device client; threaded=0; jobified=0
Direct3D:
    Version:  Direct3D 11.0 [level 11.1]
    Renderer: NVIDIA T1200 Laptop GPU (ID=0x1fbc)
    Vendor:   NVIDIA
    VRAM:     3949 MB
    Driver:   31.0.15.2686
Initialize mono
Mono path[0] = 'C:/Program Files/Unity/Hub/Editor/2022.3.23f1/Editor/Data/Managed'
Mono path[1] = 'C:/Program Files/Unity/Hub/Editor/2022.3.23f1/Editor/Data/MonoBleedingEdge/lib/mono/unityjit-win32'
Mono config path = 'C:/Program Files/Unity/Hub/Editor/2022.3.23f1/Editor/Data/MonoBleedingEdge/etc'
Using monoOptions --debugger-agent=transport=dt_socket,embedding=1,server=y,suspend=n,address=127.0.0.1:56756
Begin MonoManager ReloadAssembly
Registering precompiled unity dll's ...
Register platform support module: C:/Program Files/Unity/Hub/Editor/2022.3.23f1/Editor/Data/PlaybackEngines/AndroidPlayer/UnityEditor.Android.Extensions.dll
Register platform support module: C:/Program Files/Unity/Hub/Editor/2022.3.23f1/Editor/Data/PlaybackEngines/WindowsStandaloneSupport/UnityEditor.WindowsStandalone.Extensions.dll
Registered in 0.015319 seconds.
- Loaded All Assemblies, in  0.335 seconds
Native extension for WindowsStandalone target not found
Native extension for Android target not found
Android Extension - Scanning For ADB Devices 468 ms
Mono: successfully reloaded assembly
- Finished resetting the current domain, in  0.756 seconds
Domain Reload Profiling: 1089ms
	BeginReloadAssembly (107ms)
		ExecutionOrderSort (0ms)
		DisableScriptedObjects (0ms)
		BackupInstance (0ms)
		ReleaseScriptingObjects (0ms)
		CreateAndSetChildDomain (1ms)
	RebuildCommonClasses (29ms)
	RebuildNativeTypeToScriptingClass (8ms)
	initialDomainReloadingComplete (64ms)
	LoadAllAssembliesAndSetupDomain (124ms)
		LoadAssemblies (104ms)
		RebuildTransferFunctionScriptingTraits (0ms)
		AnalyzeDomain (122ms)
			TypeCache.Refresh (121ms)
				TypeCache.ScanAssembly (109ms)
			ScanForSourceGeneratedMonoScriptInfo (0ms)
			ResolveRequiredComponents (0ms)
	FinalizeReload (757ms)
		ReleaseScriptCaches (0ms)
		RebuildScriptCaches (0ms)
		SetupLoadedEditorAssemblies (712ms)
			LogAssemblyErrors (0ms)
			InitializePlatformSupportModulesInManaged (577ms)
			SetLoadedEditorAssemblies (3ms)
			RefreshPlugins (0ms)
			BeforeProcessingInitializeOnLoad (2ms)
			ProcessInitializeOnLoadAttributes (92ms)
			ProcessInitializeOnLoadMethodAttributes (37ms)
			AfterProcessingInitializeOnLoad (0ms)
			EditorAssembliesLoaded (0ms)
		ExecutionOrderSort2 (0ms)
		AwakeInstancesAfterBackupRestoration (0ms)
========================================================================
Worker process is ready to serve import requests
Begin MonoManager ReloadAssembly
- Loaded All Assemblies, in  0.587 seconds
Refreshing native plugins compatible for Editor in 6.57 ms, found 3 plugins.
Native extension for WindowsStandalone target not found
Native extension for Android target not found
Package Manager log level set to [2]
[Package Manager] Server::EnsureServerProcessIsRunning -- launch failed, reason: Unity was launched with the -noUpm command-line argument
[Package Manager] UpmClient::Send -- Unable to send message (not connected to UPM process).
[Package Manager] Cannot connect to Unity Package Manager local server
Mono: successfully reloaded assembly
- Finished resetting the current domain, in  0.480 seconds
Domain Reload Profiling: 1062ms
	BeginReloadAssembly (138ms)
		ExecutionOrderSort (0ms)
		DisableScriptedObjects (4ms)
		BackupInstance (0ms)
		ReleaseScriptingObjects (0ms)
		CreateAndSetChildDomain (18ms)
	RebuildCommonClasses (29ms)
	RebuildNativeTypeToScriptingClass (8ms)
	initialDomainReloadingComplete (43ms)
	LoadAllAssembliesAndSetupDomain (363ms)
		LoadAssemblies (297ms)
		RebuildTransferFunctionScriptingTraits (0ms)
		AnalyzeDomain (154ms)
			TypeCache.Refresh (133ms)
				TypeCache.ScanAssembly (118ms)
			ScanForSourceGeneratedMonoScriptInfo (12ms)
			ResolveRequiredComponents (8ms)
	FinalizeReload (480ms)
		ReleaseScriptCaches (0ms)
		RebuildScriptCaches (0ms)
		SetupLoadedEditorAssemblies (349ms)
			LogAssemblyErrors (0ms)
			InitializePlatformSupportModulesInManaged (26ms)
			SetLoadedEditorAssemblies (4ms)
			RefreshPlugins (0ms)
			BeforeProcessingInitializeOnLoad (57ms)
			ProcessInitializeOnLoadAttributes (232ms)
			ProcessInitializeOnLoadMethodAttributes (18ms)
			AfterProcessingInitializeOnLoad (12ms)
			EditorAssembliesLoaded (0ms)
		ExecutionOrderSort2 (0ms)
		AwakeInstancesAfterBackupRestoration (7ms)
Launched and connected shader compiler UnityShaderCompiler.exe after 0.06 seconds
Refreshing native plugins compatible for Editor in 6.04 ms, found 3 plugins.
Preloading 0 native plugins for Editor in 0.00 ms.
Unloading 3094 Unused Serialized files (Serialized files now loaded: 0)
Unloading 32 unused Assets / (57.0 KB). Loaded Objects now: 3558.
Memory consumption went from 126.5 MB to 126.5 MB.
Total: 2.833100 ms (FindLiveObjects: 0.219400 ms CreateObjectMapping: 0.062200 ms MarkObjects: 2.454800 ms  DeleteObjects: 0.095200 ms)

AssetImportParameters requested are different than current active one (requested -> active):
  custom:container-demuxer-ogg: 62fdf1f143b41e24485cea50d1cbac27 -> 
  custom:video-decoder-ogg-theora: a1e56fd34408186e4bbccfd4996cb3dc -> 
  custom:framework-win-MediaFoundation: 216162199b28c13a410421893ffa2e32 -> 
  custom:CustomObjectIndexerAttribute: 9a22284fe3817be447336de3de66b15e -> 
  custom:container-demuxer-webm: 4f35f7cbe854078d1ac9338744f61a02 -> 
  custom:container-muxer-webm: aa71ff27fc2769a1b78a27578f13a17b -> 
  custom:video-decoder-webm-vp8: 9c59270c3fd7afecdb556c50c9e8de78 -> 
  custom:SearchIndexIgnoredProperties: e643bd26f0fe6173181afceb89e7c659 -> 
  custom:AudioImporter_EditorPlatform: d09bf68614088b80899f8185d706f6e7 -> 
  custom:video-encoder-webm-vp8: eb34c28f22e8b96e1ab97ce403110664 -> 
  custom:audio-decoder-ogg-vorbis: bf7c407c2cedff20999df2af8eb42d56 -> 
  custom:audio-encoder-webm-vorbis: bf7c407c2cedff20999df2af8eb42d56 -> 
========================================================================
Received Import Request.
  Time since last request: 4190.835089 seconds.
  path: Assets/Scenes/SampleScene.unity
  artifactKey: Guid(9fc0d4010bbf28b4594072e72b8655ab) Importer(2089858483,0ecaa5967403d082aa24f35e1b516d23)
Start importing Assets/Scenes/SampleScene.unity using Guid(9fc0d4010bbf28b4594072e72b8655ab) Importer(2089858483,0ecaa5967403d082aa24f35e1b516d23)  -> (artifact id: '2588272f5b6dd8da156fb5ccc136f52e') in 0.050310 seconds
Number of updated asset objects reloaded before import = 0
Number of asset objects unloaded after import = 1
========================================================================
Received Prepare
Refreshing native plugins compatible for Editor in 6.14 ms, found 3 plugins.
Preloading 0 native plugins for Editor in 0.00 ms.
Unloading 0 Unused Serialized files (Serialized files now loaded: 0)
Unloading 1 unused Assets / (0.9 KB). Loaded Objects now: 3558.
Memory consumption went from 76.5 MB to 76.5 MB.
Total: 2.942000 ms (FindLiveObjects: 0.242700 ms CreateObjectMapping: 0.146100 ms MarkObjects: 2.535100 ms  DeleteObjects: 0.017300 ms)

Prepare: number of updated asset objects reloaded= 0
AssetImportParameters requested are different than current active one (requested -> active):
  custom:container-demuxer-ogg: 62fdf1f143b41e24485cea50d1cbac27 -> 
  custom:video-decoder-ogg-theora: a1e56fd34408186e4bbccfd4996cb3dc -> 
  custom:framework-win-MediaFoundation: 216162199b28c13a410421893ffa2e32 -> 
  custom:CustomObjectIndexerAttribute: 9a22284fe3817be447336de3de66b15e -> 
  custom:container-demuxer-webm: 4f35f7cbe854078d1ac9338744f61a02 -> 
  custom:container-muxer-webm: aa71ff27fc2769a1b78a27578f13a17b -> 
  custom:video-decoder-webm-vp8: 9c59270c3fd7afecdb556c50c9e8de78 -> 
  custom:SearchIndexIgnoredProperties: e643bd26f0fe6173181afceb89e7c659 -> 
  custom:AudioImporter_EditorPlatform: d09bf68614088b80899f8185d706f6e7 -> 
  custom:video-encoder-webm-vp8: eb34c28f22e8b96e1ab97ce403110664 -> 
  custom:audio-decoder-ogg-vorbis: bf7c407c2cedff20999df2af8eb42d56 -> 
  custom:audio-encoder-webm-vorbis: bf7c407c2cedff20999df2af8eb42d56 -> 
========================================================================
Received Prepare
Refreshing native plugins compatible for Editor in 6.14 ms, found 3 plugins.
Preloading 0 native plugins for Editor in 0.00 ms.
Unloading 1 Unused Serialized files (Serialized files now loaded: 0)
Unloading 1 unused Assets / (3.1 KB). Loaded Objects now: 3558.
Memory consumption went from 76.8 MB to 76.7 MB.
Total: 3.901100 ms (FindLiveObjects: 0.298500 ms CreateObjectMapping: 0.176700 ms MarkObjects: 3.399700 ms  DeleteObjects: 0.025000 ms)

Prepare: number of updated asset objects reloaded= 0
AssetImportParameters requested are different than current active one (requested -> active):
  custom:container-demuxer-ogg: 62fdf1f143b41e24485cea50d1cbac27 -> 
  custom:video-decoder-ogg-theora: a1e56fd34408186e4bbccfd4996cb3dc -> 
  custom:framework-win-MediaFoundation: 216162199b28c13a410421893ffa2e32 -> 
  custom:CustomObjectIndexerAttribute: 9a22284fe3817be447336de3de66b15e -> 
  custom:container-demuxer-webm: 4f35f7cbe854078d1ac9338744f61a02 -> 
  custom:container-muxer-webm: aa71ff27fc2769a1b78a27578f13a17b -> 
  custom:video-decoder-webm-vp8: 9c59270c3fd7afecdb556c50c9e8de78 -> 
  custom:SearchIndexIgnoredProperties: e643bd26f0fe6173181afceb89e7c659 -> 
  custom:AudioImporter_EditorPlatform: d09bf68614088b80899f8185d706f6e7 -> 
  custom:video-encoder-webm-vp8: eb34c28f22e8b96e1ab97ce403110664 -> 
  custom:audio-decoder-ogg-vorbis: bf7c407c2cedff20999df2af8eb42d56 -> 
  custom:audio-encoder-webm-vorbis: bf7c407c2cedff20999df2af8eb42d56 -> 
========================================================================
Received Prepare
Begin MonoManager ReloadAssembly
- Loaded All Assemblies, in  0.509 seconds
Refreshing native plugins compatible for Editor in 5.85 ms, found 3 plugins.
Native extension for WindowsStandalone target not found
Native extension for Android target not found
[Package Manager] Server::EnsureServerProcessIsRunning -- launch failed, reason: Unity was launched with the -noUpm command-line argument
[Package Manager] UpmClient::Send -- Unable to send message (not connected to UPM process).
[Package Manager] Cannot connect to Unity Package Manager local server
Mono: successfully reloaded assembly
- Finished resetting the current domain, in  1.090 seconds
Domain Reload Profiling: 1593ms
	BeginReloadAssembly (152ms)
		ExecutionOrderSort (0ms)
		DisableScriptedObjects (4ms)
		BackupInstance (0ms)
		ReleaseScriptingObjects (0ms)
		CreateAndSetChildDomain (31ms)
	RebuildCommonClasses (26ms)
	RebuildNativeTypeToScriptingClass (9ms)
	initialDomainReloadingComplete (31ms)
	LoadAllAssembliesAndSetupDomain (286ms)
		LoadAssemblies (291ms)
		RebuildTransferFunctionScriptingTraits (0ms)
		AnalyzeDomain (83ms)
			TypeCache.Refresh (66ms)
				TypeCache.ScanAssembly (55ms)
			ScanForSourceGeneratedMonoScriptInfo (12ms)
			ResolveRequiredComponents (4ms)
	FinalizeReload (1090ms)
		ReleaseScriptCaches (0ms)
		RebuildScriptCaches (0ms)
		SetupLoadedEditorAssemblies (332ms)
			LogAssemblyErrors (0ms)
			InitializePlatformSupportModulesInManaged (26ms)
			SetLoadedEditorAssemblies (4ms)
			RefreshPlugins (0ms)
			BeforeProcessingInitializeOnLoad (61ms)
			ProcessInitializeOnLoadAttributes (213ms)
			ProcessInitializeOnLoadMethodAttributes (17ms)
			AfterProcessingInitializeOnLoad (11ms)
			EditorAssembliesLoaded (0ms)
		ExecutionOrderSort2 (0ms)
		AwakeInstancesAfterBackupRestoration (6ms)
Refreshing native plugins compatible for Editor in 4.88 ms, found 3 plugins.
Preloading 0 native plugins for Editor in 0.00 ms.
Unloading 3086 Unused Serialized files (Serialized files now loaded: 0)
Unloading 23 unused Assets / (31.3 KB). Loaded Objects now: 3561.
Memory consumption went from 126.7 MB to 126.7 MB.
Total: 2.511400 ms (FindLiveObjects: 0.228100 ms CreateObjectMapping: 0.074700 ms MarkObjects: 2.153200 ms  DeleteObjects: 0.054100 ms)

Prepare: number of updated asset objects reloaded= 0
AssetImportParameters requested are different than current active one (requested -> active):
  custom:container-demuxer-ogg: 62fdf1f143b41e24485cea50d1cbac27 -> 
  custom:video-decoder-ogg-theora: a1e56fd34408186e4bbccfd4996cb3dc -> 
  custom:framework-win-MediaFoundation: 216162199b28c13a410421893ffa2e32 -> 
  custom:CustomObjectIndexerAttribute: 9a22284fe3817be447336de3de66b15e -> 
  custom:container-demuxer-webm: 4f35f7cbe854078d1ac9338744f61a02 -> 
  custom:container-muxer-webm: aa71ff27fc2769a1b78a27578f13a17b -> 
  custom:video-decoder-webm-vp8: 9c59270c3fd7afecdb556c50c9e8de78 -> 
  custom:SearchIndexIgnoredProperties: e643bd26f0fe6173181afceb89e7c659 -> 
  custom:AudioImporter_EditorPlatform: d09bf68614088b80899f8185d706f6e7 -> 
  custom:video-encoder-webm-vp8: eb34c28f22e8b96e1ab97ce403110664 -> 
  custom:audio-decoder-ogg-vorbis: bf7c407c2cedff20999df2af8eb42d56 -> 
  custom:audio-encoder-webm-vorbis: bf7c407c2cedff20999df2af8eb42d56 -> 
========================================================================
Received Prepare
Refreshing native plugins compatible for Editor in 7.06 ms, found 3 plugins.
Preloading 0 native plugins for Editor in 0.00 ms.
Unloading 1 Unused Serialized files (Serialized files now loaded: 0)
Unloading 1 unused Assets / (3.1 KB). Loaded Objects now: 3561.
Memory consumption went from 79.0 MB to 79.0 MB.
Total: 2.201600 ms (FindLiveObjects: 0.236100 ms CreateObjectMapping: 0.073500 ms MarkObjects: 1.875000 ms  DeleteObjects: 0.015600 ms)

Prepare: number of updated asset objects reloaded= 0
AssetImportParameters requested are different than current active one (requested -> active):
  custom:container-demuxer-ogg: 62fdf1f143b41e24485cea50d1cbac27 -> 
  custom:video-decoder-ogg-theora: a1e56fd34408186e4bbccfd4996cb3dc -> 
  custom:framework-win-MediaFoundation: 216162199b28c13a410421893ffa2e32 -> 
  custom:CustomObjectIndexerAttribute: 9a22284fe3817be447336de3de66b15e -> 
  custom:container-demuxer-webm: 4f35f7cbe854078d1ac9338744f61a02 -> 
  custom:container-muxer-webm: aa71ff27fc2769a1b78a27578f13a17b -> 
  custom:video-decoder-webm-vp8: 9c59270c3fd7afecdb556c50c9e8de78 -> 
  custom:SearchIndexIgnoredProperties: e643bd26f0fe6173181afceb89e7c659 -> 
  custom:AudioImporter_EditorPlatform: d09bf68614088b80899f8185d706f6e7 -> 
  custom:video-encoder-webm-vp8: eb34c28f22e8b96e1ab97ce403110664 -> 
  custom:audio-decoder-ogg-vorbis: bf7c407c2cedff20999df2af8eb42d56 -> 
  custom:audio-encoder-webm-vorbis: bf7c407c2cedff20999df2af8eb42d56 -> 
========================================================================
Received Import Request.
  Time since last request: 176.749648 seconds.
  path: Assets/GRPC_CPP_Libraries
  artifactKey: Guid(71f24a4aa3e633744b7c5d77af8f87c8) Importer(815301076,1909f56bfc062723c751e8b465ee728b)
Start importing Assets/GRPC_CPP_Libraries using Guid(71f24a4aa3e633744b7c5d77af8f87c8) Importer(815301076,1909f56bfc062723c751e8b465ee728b)  -> (artifact id: '5b9d7a75306ff6a79e6397802af0f649') in 0.003124 seconds
Number of updated asset objects reloaded before import = 0
Number of asset objects unloaded after import = 0
========================================================================
Received Import Request.
  Time since last request: 1.140537 seconds.
  path: Assets/GRPC_CPP_Libraries/libabsl_bad_any_cast_impl.a
  artifactKey: Guid(be45bafb85886264a8aec12d5d1caf26) Importer(815301076,1909f56bfc062723c751e8b465ee728b)
Start importing Assets/GRPC_CPP_Libraries/libabsl_bad_any_cast_impl.a using Guid(be45bafb85886264a8aec12d5d1caf26) Importer(815301076,1909f56bfc062723c751e8b465ee728b)  -> (artifact id: '7c130d85028b66bf1b2ced2dae9d17bd') in 0.007832 seconds
Number of updated asset objects reloaded before import = 0
Number of asset objects unloaded after import = 1
========================================================================
Received Import Request.
  Time since last request: 1.521812 seconds.
  path: Assets/GRPC_CPP_Libraries/libabsl_bad_optional_access.a
  artifactKey: Guid(be7dde054f810414bac499d95e8c3628) Importer(815301076,1909f56bfc062723c751e8b465ee728b)
Start importing Assets/GRPC_CPP_Libraries/libabsl_bad_optional_access.a using Guid(be7dde054f810414bac499d95e8c3628) Importer(815301076,1909f56bfc062723c751e8b465ee728b)  -> (artifact id: 'be82d0a3f1e6f25f8413092587c5ec4f') in 0.001215 seconds
Number of updated asset objects reloaded before import = 0
Number of asset objects unloaded after import = 1
========================================================================
Received Import Request.
  Time since last request: 0.484574 seconds.
  path: Assets/GRPC_CPP_Libraries/libabsl_bad_variant_access.a
  artifactKey: Guid(11a7020491d42b249a8325910b05f605) Importer(815301076,1909f56bfc062723c751e8b465ee728b)
Start importing Assets/GRPC_CPP_Libraries/libabsl_bad_variant_access.a using Guid(11a7020491d42b249a8325910b05f605) Importer(815301076,1909f56bfc062723c751e8b465ee728b)  -> (artifact id: 'f7067109fe65793dad367ff05066d6a0') in 0.001181 seconds
Number of updated asset objects reloaded before import = 0
Number of asset objects unloaded after import = 1
========================================================================
Received Import Request.
  Time since last request: 0.034613 seconds.
  path: Assets/GRPC_CPP_Libraries/libabsl_base.a
  artifactKey: Guid(5431119d7ceaa1a43a6c789d5dbb351f) Importer(815301076,1909f56bfc062723c751e8b465ee728b)
Start importing Assets/GRPC_CPP_Libraries/libabsl_base.a using Guid(5431119d7ceaa1a43a6c789d5dbb351f) Importer(815301076,1909f56bfc062723c751e8b465ee728b)  -> (artifact id: 'eff49f082bf3a6a310a0204a0f6beb19') in 0.001230 seconds
Number of updated asset objects reloaded before import = 0
Number of asset objects unloaded after import = 1
========================================================================
Received Import Request.
  Time since last request: 0.040838 seconds.
  path: Assets/GRPC_CPP_Libraries/libabsl_city.a
  artifactKey: Guid(8cd0f7071fda6d7439df81d8849d0f77) Importer(815301076,1909f56bfc062723c751e8b465ee728b)
Start importing Assets/GRPC_CPP_Libraries/libabsl_city.a using Guid(8cd0f7071fda6d7439df81d8849d0f77) Importer(815301076,1909f56bfc062723c751e8b465ee728b)  -> (artifact id: '1d5cca1c1375bb1f7583c162949f7a32') in 0.001237 seconds
Number of updated asset objects reloaded before import = 0
Number of asset objects unloaded after import = 1
========================================================================
Received Import Request.
  Time since last request: 0.041822 seconds.
  path: Assets/GRPC_CPP_Libraries/libabsl_civil_time.a
  artifactKey: Guid(8ca917432874c41469a35213a96d4ffc) Importer(815301076,1909f56bfc062723c751e8b465ee728b)
Start importing Assets/GRPC_CPP_Libraries/libabsl_civil_time.a using Guid(8ca917432874c41469a35213a96d4ffc) Importer(815301076,1909f56bfc062723c751e8b465ee728b)  -> (artifact id: '933e9807cf25f9190ae944160c8c21bd') in 0.001150 seconds
Number of updated asset objects reloaded before import = 0
Number of asset objects unloaded after import = 1
========================================================================
Received Import Request.
  Time since last request: 0.037102 seconds.
  path: Assets/GRPC_CPP_Libraries/libabsl_cord.a
  artifactKey: Guid(6c63032df203a4c4e9d1a05b45079af3) Importer(815301076,1909f56bfc062723c751e8b465ee728b)
Start importing Assets/GRPC_CPP_Libraries/libabsl_cord.a using Guid(6c63032df203a4c4e9d1a05b45079af3) Importer(815301076,1909f56bfc062723c751e8b465ee728b)  -> (artifact id: 'f10f9173727978dd3475347d81a8c18b') in 0.001187 seconds
Number of updated asset objects reloaded before import = 0
Number of asset objects unloaded after import = 1
========================================================================
Received Import Request.
  Time since last request: 0.041226 seconds.
  path: Assets/GRPC_CPP_Libraries/libabsl_cord_internal.a
  artifactKey: Guid(61cb9eeed50948e46be29f64b8d73550) Importer(815301076,1909f56bfc062723c751e8b465ee728b)
Start importing Assets/GRPC_CPP_Libraries/libabsl_cord_internal.a using Guid(61cb9eeed50948e46be29f64b8d73550) Importer(815301076,1909f56bfc062723c751e8b465ee728b)  -> (artifact id: '31828ae1dd883564ed172cf797bc57df') in 0.001259 seconds
Number of updated asset objects reloaded before import = 0
Number of asset objects unloaded after import = 1
========================================================================
Received Import Request.
  Time since last request: 0.037361 seconds.
  path: Assets/GRPC_CPP_Libraries/libabsl_cordz_functions.a
  artifactKey: Guid(7c2a59fd5ad510645aa9683e0b42565a) Importer(815301076,1909f56bfc062723c751e8b465ee728b)
Start importing Assets/GRPC_CPP_Libraries/libabsl_cordz_functions.a using Guid(7c2a59fd5ad510645aa9683e0b42565a) Importer(815301076,1909f56bfc062723c751e8b465ee728b)  -> (artifact id: 'd85cccb323c89a4d775d562d7e102aeb') in 0.001234 seconds
Number of updated asset objects reloaded before import = 0
Number of asset objects unloaded after import = 1
========================================================================
Received Import Request.
  Time since last request: 0.036944 seconds.
  path: Assets/GRPC_CPP_Libraries/libabsl_cordz_handle.a
  artifactKey: Guid(9465b51c10b05c04bab05f4f648829e0) Importer(815301076,1909f56bfc062723c751e8b465ee728b)
Start importing Assets/GRPC_CPP_Libraries/libabsl_cordz_handle.a using Guid(9465b51c10b05c04bab05f4f648829e0) Importer(815301076,1909f56bfc062723c751e8b465ee728b)  -> (artifact id: '2fdc271b1436885e6370db2f4ef2cba8') in 0.001240 seconds
Number of updated asset objects reloaded before import = 0
Number of asset objects unloaded after import = 1
========================================================================
Received Import Request.
  Time since last request: 0.036098 seconds.
  path: Assets/GRPC_CPP_Libraries/libabsl_cordz_info.a
  artifactKey: Guid(99232192d85244543bb0750329ffe1b7) Importer(815301076,1909f56bfc062723c751e8b465ee728b)
Start importing Assets/GRPC_CPP_Libraries/libabsl_cordz_info.a using Guid(99232192d85244543bb0750329ffe1b7) Importer(815301076,1909f56bfc062723c751e8b465ee728b)  -> (artifact id: '06d4fb8246cd2c80a0659978e52647f7') in 0.001249 seconds
Number of updated asset objects reloaded before import = 0
Number of asset objects unloaded after import = 1
========================================================================
Received Import Request.
  Time since last request: 0.040673 seconds.
  path: Assets/GRPC_CPP_Libraries/libabsl_cordz_sample_token.a
  artifactKey: Guid(0ccd4fc4d7e895e4a8fefd7a7568fb79) Importer(815301076,1909f56bfc062723c751e8b465ee728b)
Start importing Assets/GRPC_CPP_Libraries/libabsl_cordz_sample_token.a using Guid(0ccd4fc4d7e895e4a8fefd7a7568fb79) Importer(815301076,1909f56bfc062723c751e8b465ee728b)  -> (artifact id: 'a5e341c88362873886299763b069136a') in 0.001254 seconds
Number of updated asset objects reloaded before import = 0
Number of asset objects unloaded after import = 1
========================================================================
Received Import Request.
  Time since last request: 0.038839 seconds.
  path: Assets/GRPC_CPP_Libraries/libabsl_crc32c.a
  artifactKey: Guid(fa6d24a79f0fefe4584cc9413510c795) Importer(815301076,1909f56bfc062723c751e8b465ee728b)
Start importing Assets/GRPC_CPP_Libraries/libabsl_crc32c.a using Guid(fa6d24a79f0fefe4584cc9413510c795) Importer(815301076,1909f56bfc062723c751e8b465ee728b)  -> (artifact id: '328646c3ef95420d5d20927311fef437') in 0.001175 seconds
Number of updated asset objects reloaded before import = 0
Number of asset objects unloaded after import = 1
========================================================================
Received Import Request.
  Time since last request: 0.038530 seconds.
  path: Assets/GRPC_CPP_Libraries/libabsl_crc_cord_state.a
  artifactKey: Guid(d1402655adee35647bb6eb8f88f7a3e8) Importer(815301076,1909f56bfc062723c751e8b465ee728b)
Start importing Assets/GRPC_CPP_Libraries/libabsl_crc_cord_state.a using Guid(d1402655adee35647bb6eb8f88f7a3e8) Importer(815301076,1909f56bfc062723c751e8b465ee728b)  -> (artifact id: 'b9e8909bfdf1f661df6d657e11c2a777') in 0.001316 seconds
Number of updated asset objects reloaded before import = 0
Number of asset objects unloaded after import = 1
========================================================================
Received Import Request.
  Time since last request: 0.037107 seconds.
  path: Assets/GRPC_CPP_Libraries/libabsl_crc_cpu_detect.a
  artifactKey: Guid(29e9f723bd8b3cc4f916450ee6c9769b) Importer(815301076,1909f56bfc062723c751e8b465ee728b)
Start importing Assets/GRPC_CPP_Libraries/libabsl_crc_cpu_detect.a using Guid(29e9f723bd8b3cc4f916450ee6c9769b) Importer(815301076,1909f56bfc062723c751e8b465ee728b)  -> (artifact id: 'a485dae563a3f22d48b641abc299aa4c') in 0.001253 seconds
Number of updated asset objects reloaded before import = 0
Number of asset objects unloaded after import = 1
========================================================================
Received Import Request.
  Time since last request: 0.040265 seconds.
  path: Assets/GRPC_CPP_Libraries/libabsl_crc_internal.a
  artifactKey: Guid(9926e084c5e36bb41b2f6fc0fb28bfe7) Importer(815301076,1909f56bfc062723c751e8b465ee728b)
Start importing Assets/GRPC_CPP_Libraries/libabsl_crc_internal.a using Guid(9926e084c5e36bb41b2f6fc0fb28bfe7) Importer(815301076,1909f56bfc062723c751e8b465ee728b)  -> (artifact id: '7a5e60ca3ed1b86ccde5fcb4aa2a2de1') in 0.001284 seconds
Number of updated asset objects reloaded before import = 0
Number of asset objects unloaded after import = 1
========================================================================
Received Import Request.
  Time since last request: 0.038619 seconds.
  path: Assets/GRPC_CPP_Libraries/libabsl_debugging_internal.a
  artifactKey: Guid(1a394919291aa0b40bd3b9ee1d6e0310) Importer(815301076,1909f56bfc062723c751e8b465ee728b)
Start importing Assets/GRPC_CPP_Libraries/libabsl_debugging_internal.a using Guid(1a394919291aa0b40bd3b9ee1d6e0310) Importer(815301076,1909f56bfc062723c751e8b465ee728b)  -> (artifact id: 'c2e478b2f2953d8119df583d4262befb') in 0.001349 seconds
Number of updated asset objects reloaded before import = 0
Number of asset objects unloaded after import = 1
========================================================================
Received Import Request.
  Time since last request: 0.035559 seconds.
  path: Assets/GRPC_CPP_Libraries/libabsl_demangle_internal.a
  artifactKey: Guid(1c16eb0d325bd5f4497c73c5505d7636) Importer(815301076,1909f56bfc062723c751e8b465ee728b)
Start importing Assets/GRPC_CPP_Libraries/libabsl_demangle_internal.a using Guid(1c16eb0d325bd5f4497c73c5505d7636) Importer(815301076,1909f56bfc062723c751e8b465ee728b)  -> (artifact id: 'c4d30199d797c4f0f50e39ece5dc81a9') in 0.001284 seconds
Number of updated asset objects reloaded before import = 0
Number of asset objects unloaded after import = 1
========================================================================
Received Import Request.
  Time since last request: 0.036079 seconds.
  path: Assets/GRPC_CPP_Libraries/libabsl_die_if_null.a
  artifactKey: Guid(381b6e42be2c63345a90498ad33dbabb) Importer(815301076,1909f56bfc062723c751e8b465ee728b)
Start importing Assets/GRPC_CPP_Libraries/libabsl_die_if_null.a using Guid(381b6e42be2c63345a90498ad33dbabb) Importer(815301076,1909f56bfc062723c751e8b465ee728b)  -> (artifact id: 'cfc789098f33fb3ca53bb91955273ad9') in 0.001246 seconds
Number of updated asset objects reloaded before import = 0
Number of asset objects unloaded after import = 1
========================================================================
Received Import Request.
  Time since last request: 0.036088 seconds.
  path: Assets/GRPC_CPP_Libraries/libabsl_examine_stack.a
  artifactKey: Guid(0dfab5793e289c34eb0f2311bf9fbaac) Importer(815301076,1909f56bfc062723c751e8b465ee728b)
Start importing Assets/GRPC_CPP_Libraries/libabsl_examine_stack.a using Guid(0dfab5793e289c34eb0f2311bf9fbaac) Importer(815301076,1909f56bfc062723c751e8b465ee728b)  -> (artifact id: '98caa7c86c0eeccb857684b60bed6e40') in 0.001287 seconds
Number of updated asset objects reloaded before import = 0
Number of asset objects unloaded after import = 1
========================================================================
Received Import Request.
  Time since last request: 0.040357 seconds.
  path: Assets/GRPC_CPP_Libraries/libabsl_exponential_biased.a
  artifactKey: Guid(20e4d5f6ab8aff849820d5b44d1851f2) Importer(815301076,1909f56bfc062723c751e8b465ee728b)
Start importing Assets/GRPC_CPP_Libraries/libabsl_exponential_biased.a using Guid(20e4d5f6ab8aff849820d5b44d1851f2) Importer(815301076,1909f56bfc062723c751e8b465ee728b)  -> (artifact id: 'f92b0968917ef5bb92d621ad4e9ceb7b') in 0.001249 seconds
Number of updated asset objects reloaded before import = 0
Number of asset objects unloaded after import = 1
========================================================================
Received Import Request.
  Time since last request: 0.037353 seconds.
  path: Assets/GRPC_CPP_Libraries/libabsl_failure_signal_handler.a
  artifactKey: Guid(ef100c4356839d647b9dc0369afd6872) Importer(815301076,1909f56bfc062723c751e8b465ee728b)
Start importing Assets/GRPC_CPP_Libraries/libabsl_failure_signal_handler.a using Guid(ef100c4356839d647b9dc0369afd6872) Importer(815301076,1909f56bfc062723c751e8b465ee728b)  -> (artifact id: 'f396f692b75e3dadef1d7e7105017fb1') in 0.001272 seconds
Number of updated asset objects reloaded before import = 0
Number of asset objects unloaded after import = 1
========================================================================
Received Import Request.
  Time since last request: 0.036969 seconds.
  path: Assets/GRPC_CPP_Libraries/libabsl_flags_commandlineflag.a
  artifactKey: Guid(cdf9b88bf9aaf0c4aa6f3c50dc01eec4) Importer(815301076,1909f56bfc062723c751e8b465ee728b)
Start importing Assets/GRPC_CPP_Libraries/libabsl_flags_commandlineflag.a using Guid(cdf9b88bf9aaf0c4aa6f3c50dc01eec4) Importer(815301076,1909f56bfc062723c751e8b465ee728b)  -> (artifact id: 'aa5023cd1d8a081493b0a3ec6967d940') in 0.001229 seconds
Number of updated asset objects reloaded before import = 0
Number of asset objects unloaded after import = 1
========================================================================
Received Import Request.
  Time since last request: 0.037792 seconds.
  path: Assets/GRPC_CPP_Libraries/libabsl_flags_commandlineflag_internal.a
  artifactKey: Guid(8adfc716a903d4a4f96bf5eeec95e773) Importer(815301076,1909f56bfc062723c751e8b465ee728b)
Start importing Assets/GRPC_CPP_Libraries/libabsl_flags_commandlineflag_internal.a using Guid(8adfc716a903d4a4f96bf5eeec95e773) Importer(815301076,1909f56bfc062723c751e8b465ee728b)  -> (artifact id: '0bd3f501e22cf5dec684634ad11b068b') in 0.001219 seconds
Number of updated asset objects reloaded before import = 0
Number of asset objects unloaded after import = 1
========================================================================
Received Import Request.
  Time since last request: 0.039764 seconds.
  path: Assets/GRPC_CPP_Libraries/libabsl_flags_config.a
  artifactKey: Guid(38938349e1928334aa14f1e548f2325e) Importer(815301076,1909f56bfc062723c751e8b465ee728b)
Start importing Assets/GRPC_CPP_Libraries/libabsl_flags_config.a using Guid(38938349e1928334aa14f1e548f2325e) Importer(815301076,1909f56bfc062723c751e8b465ee728b)  -> (artifact id: 'd647848097313cc2efe0189a74f0ab70') in 0.001277 seconds
Number of updated asset objects reloaded before import = 0
Number of asset objects unloaded after import = 1
========================================================================
Received Import Request.
  Time since last request: 0.039637 seconds.
  path: Assets/GRPC_CPP_Libraries/libabsl_flags_internal.a
  artifactKey: Guid(0977b76bf1126f648a4d03940fbae319) Importer(815301076,1909f56bfc062723c751e8b465ee728b)
Start importing Assets/GRPC_CPP_Libraries/libabsl_flags_internal.a using Guid(0977b76bf1126f648a4d03940fbae319) Importer(815301076,1909f56bfc062723c751e8b465ee728b)  -> (artifact id: '46498d202cb9d83e04974597f5939d7c') in 0.001466 seconds
Number of updated asset objects reloaded before import = 0
Number of asset objects unloaded after import = 1
========================================================================
Received Import Request.
  Time since last request: 0.037812 seconds.
  path: Assets/GRPC_CPP_Libraries/libabsl_flags_marshalling.a
  artifactKey: Guid(1280cad460d3e65448ab8bec6f9faadd) Importer(815301076,1909f56bfc062723c751e8b465ee728b)
Start importing Assets/GRPC_CPP_Libraries/libabsl_flags_marshalling.a using Guid(1280cad460d3e65448ab8bec6f9faadd) Importer(815301076,1909f56bfc062723c751e8b465ee728b)  -> (artifact id: '5ef51203452bbfaaae6665f2406f20f8') in 0.001334 seconds
Number of updated asset objects reloaded before import = 0
Number of asset objects unloaded after import = 1
========================================================================
Received Import Request.
  Time since last request: 0.038496 seconds.
  path: Assets/GRPC_CPP_Libraries/libabsl_flags_parse.a
  artifactKey: Guid(24a9dcd7b8f74b641b48450f5d97ed37) Importer(815301076,1909f56bfc062723c751e8b465ee728b)
Start importing Assets/GRPC_CPP_Libraries/libabsl_flags_parse.a using Guid(24a9dcd7b8f74b641b48450f5d97ed37) Importer(815301076,1909f56bfc062723c751e8b465ee728b)  -> (artifact id: '2b835a3676c8b512563fc0dd6c34dcd2') in 0.001311 seconds
Number of updated asset objects reloaded before import = 0
Number of asset objects unloaded after import = 1
========================================================================
Received Import Request.
  Time since last request: 0.040045 seconds.
  path: Assets/GRPC_CPP_Libraries/libabsl_flags_private_handle_accessor.a
  artifactKey: Guid(a85253168d77468479533abd8439d942) Importer(815301076,1909f56bfc062723c751e8b465ee728b)
Start importing Assets/GRPC_CPP_Libraries/libabsl_flags_private_handle_accessor.a using Guid(a85253168d77468479533abd8439d942) Importer(815301076,1909f56bfc062723c751e8b465ee728b)  -> (artifact id: '6c269d7c4defd7104c824ea213029062') in 0.001254 seconds
Number of updated asset objects reloaded before import = 0
Number of asset objects unloaded after import = 1
========================================================================
Received Import Request.
  Time since last request: 0.036468 seconds.
  path: Assets/GRPC_CPP_Libraries/libabsl_flags_program_name.a
  artifactKey: Guid(f82785bbb3192f841a28629fcc2cdd68) Importer(815301076,1909f56bfc062723c751e8b465ee728b)
Start importing Assets/GRPC_CPP_Libraries/libabsl_flags_program_name.a using Guid(f82785bbb3192f841a28629fcc2cdd68) Importer(815301076,1909f56bfc062723c751e8b465ee728b)  -> (artifact id: '2df651c9a1e07d7e6355970d120c4ffd') in 0.001240 seconds
Number of updated asset objects reloaded before import = 0
Number of asset objects unloaded after import = 1
========================================================================
Received Import Request.
  Time since last request: 0.036943 seconds.
  path: Assets/GRPC_CPP_Libraries/libabsl_flags_reflection.a
  artifactKey: Guid(7463c48dfc3660c4d81e3bb71ba01774) Importer(815301076,1909f56bfc062723c751e8b465ee728b)
Start importing Assets/GRPC_CPP_Libraries/libabsl_flags_reflection.a using Guid(7463c48dfc3660c4d81e3bb71ba01774) Importer(815301076,1909f56bfc062723c751e8b465ee728b)  -> (artifact id: 'd0f90878b7fe913102ebb4c1c037156b') in 0.001302 seconds
Number of updated asset objects reloaded before import = 0
Number of asset objects unloaded after import = 1
========================================================================
Received Import Request.
  Time since last request: 0.036450 seconds.
  path: Assets/GRPC_CPP_Libraries/libabsl_flags_usage.a
  artifactKey: Guid(44a2ef14c515aed44a4550562b926606) Importer(815301076,1909f56bfc062723c751e8b465ee728b)
Start importing Assets/GRPC_CPP_Libraries/libabsl_flags_usage.a using Guid(44a2ef14c515aed44a4550562b926606) Importer(815301076,1909f56bfc062723c751e8b465ee728b)  -> (artifact id: '80cfdeda1f064485603c77706e3edb89') in 0.001195 seconds
Number of updated asset objects reloaded before import = 0
Number of asset objects unloaded after import = 1
========================================================================
Received Import Request.
  Time since last request: 0.037601 seconds.
  path: Assets/GRPC_CPP_Libraries/libabsl_flags_usage_internal.a
  artifactKey: Guid(83ec51f2cbff1b84fa157b0037750483) Importer(815301076,1909f56bfc062723c751e8b465ee728b)
Start importing Assets/GRPC_CPP_Libraries/libabsl_flags_usage_internal.a using Guid(83ec51f2cbff1b84fa157b0037750483) Importer(815301076,1909f56bfc062723c751e8b465ee728b)  -> (artifact id: 'e3db18e75f1175a8d8c7dd0b4f74e35c') in 0.001476 seconds
Number of updated asset objects reloaded before import = 0
Number of asset objects unloaded after import = 1
========================================================================
Received Import Request.
  Time since last request: 0.039055 seconds.
  path: Assets/GRPC_CPP_Libraries/libabsl_graphcycles_internal.a
  artifactKey: Guid(5b5b0187559c73942b83bbd5fb0f2643) Importer(815301076,1909f56bfc062723c751e8b465ee728b)
Start importing Assets/GRPC_CPP_Libraries/libabsl_graphcycles_internal.a using Guid(5b5b0187559c73942b83bbd5fb0f2643) Importer(815301076,1909f56bfc062723c751e8b465ee728b)  -> (artifact id: '18c4ed1080506cd236db764f6766d9ca') in 0.001245 seconds
Number of updated asset objects reloaded before import = 0
Number of asset objects unloaded after import = 1
========================================================================
Received Import Request.
  Time since last request: 0.040613 seconds.
  path: Assets/GRPC_CPP_Libraries/libabsl_hash.a
  artifactKey: Guid(605b73f2d37b22646bb6b8189ead66a7) Importer(815301076,1909f56bfc062723c751e8b465ee728b)
Start importing Assets/GRPC_CPP_Libraries/libabsl_hash.a using Guid(605b73f2d37b22646bb6b8189ead66a7) Importer(815301076,1909f56bfc062723c751e8b465ee728b)  -> (artifact id: 'ae4f1c9169612a1faf66383d4aab262e') in 0.001230 seconds
Number of updated asset objects reloaded before import = 0
Number of asset objects unloaded after import = 1
========================================================================
Received Import Request.
  Time since last request: 0.036878 seconds.
  path: Assets/GRPC_CPP_Libraries/libabsl_hashtablez_sampler.a
  artifactKey: Guid(e5f22a9e9ddb8f84195baabccde49690) Importer(815301076,1909f56bfc062723c751e8b465ee728b)
Start importing Assets/GRPC_CPP_Libraries/libabsl_hashtablez_sampler.a using Guid(e5f22a9e9ddb8f84195baabccde49690) Importer(815301076,1909f56bfc062723c751e8b465ee728b)  -> (artifact id: '46fa7fcd0c45520b7216c28c3284cb0b') in 0.001373 seconds
Number of updated asset objects reloaded before import = 0
Number of asset objects unloaded after import = 1
========================================================================
Received Import Request.
  Time since last request: 0.036994 seconds.
  path: Assets/GRPC_CPP_Libraries/libabsl_int128.a
  artifactKey: Guid(4019eb84c7bb4c34da038233af616b92) Importer(815301076,1909f56bfc062723c751e8b465ee728b)
Start importing Assets/GRPC_CPP_Libraries/libabsl_int128.a using Guid(4019eb84c7bb4c34da038233af616b92) Importer(815301076,1909f56bfc062723c751e8b465ee728b)  -> (artifact id: '24a5d6bcf4441b271d70f332a3f40b5c') in 0.001222 seconds
Number of updated asset objects reloaded before import = 0
Number of asset objects unloaded after import = 1
========================================================================
Received Import Request.
  Time since last request: 0.037230 seconds.
  path: Assets/GRPC_CPP_Libraries/libabsl_kernel_timeout_internal.a
  artifactKey: Guid(4181a1b56c5efb745b96a3a0895225d0) Importer(815301076,1909f56bfc062723c751e8b465ee728b)
Start importing Assets/GRPC_CPP_Libraries/libabsl_kernel_timeout_internal.a using Guid(4181a1b56c5efb745b96a3a0895225d0) Importer(815301076,1909f56bfc062723c751e8b465ee728b)  -> (artifact id: '71061f82c74dce917ed00368333a04f3') in 0.001175 seconds
Number of updated asset objects reloaded before import = 0
Number of asset objects unloaded after import = 1
========================================================================
Received Import Request.
  Time since last request: 0.040617 seconds.
  path: Assets/GRPC_CPP_Libraries/libabsl_leak_check.a
  artifactKey: Guid(228f502934dc0a04482428a78922679d) Importer(815301076,1909f56bfc062723c751e8b465ee728b)
Start importing Assets/GRPC_CPP_Libraries/libabsl_leak_check.a using Guid(228f502934dc0a04482428a78922679d) Importer(815301076,1909f56bfc062723c751e8b465ee728b)  -> (artifact id: 'ad58b1313db63662bc3612aa32ae083d') in 0.001459 seconds
Number of updated asset objects reloaded before import = 0
Number of asset objects unloaded after import = 1
========================================================================
Received Import Request.
  Time since last request: 0.040030 seconds.
  path: Assets/GRPC_CPP_Libraries/libabsl_log_entry.a
  artifactKey: Guid(ef31024a19605f84aabfff90fcb5a4f1) Importer(815301076,1909f56bfc062723c751e8b465ee728b)
Start importing Assets/GRPC_CPP_Libraries/libabsl_log_entry.a using Guid(ef31024a19605f84aabfff90fcb5a4f1) Importer(815301076,1909f56bfc062723c751e8b465ee728b)  -> (artifact id: '2fc611cd4b9a8eb9822025d117d9e4f3') in 0.001206 seconds
Number of updated asset objects reloaded before import = 0
Number of asset objects unloaded after import = 1
========================================================================
Received Import Request.
  Time since last request: 0.036461 seconds.
  path: Assets/GRPC_CPP_Libraries/libabsl_log_flags.a
  artifactKey: Guid(ba532be8a5f453c4b9b5ebbd81e0b7a6) Importer(815301076,1909f56bfc062723c751e8b465ee728b)
Start importing Assets/GRPC_CPP_Libraries/libabsl_log_flags.a using Guid(ba532be8a5f453c4b9b5ebbd81e0b7a6) Importer(815301076,1909f56bfc062723c751e8b465ee728b)  -> (artifact id: 'ef196ca511d94d5b5b9bcea9cdc6a20e') in 0.001459 seconds
Number of updated asset objects reloaded before import = 0
Number of asset objects unloaded after import = 1
========================================================================
Received Import Request.
  Time since last request: 0.037361 seconds.
  path: Assets/GRPC_CPP_Libraries/libabsl_log_globals.a
  artifactKey: Guid(e1b18a3d75c68084db01802b56eb83db) Importer(815301076,1909f56bfc062723c751e8b465ee728b)
Start importing Assets/GRPC_CPP_Libraries/libabsl_log_globals.a using Guid(e1b18a3d75c68084db01802b56eb83db) Importer(815301076,1909f56bfc062723c751e8b465ee728b)  -> (artifact id: '96be5dccd0463d1cf60274469cc1cd93') in 0.001193 seconds
Number of updated asset objects reloaded before import = 0
Number of asset objects unloaded after import = 1
========================================================================
Received Import Request.
  Time since last request: 0.036971 seconds.
  path: Assets/GRPC_CPP_Libraries/libabsl_log_initialize.a
  artifactKey: Guid(a7600a773b8acb248bc876586c8c6416) Importer(815301076,1909f56bfc062723c751e8b465ee728b)
Start importing Assets/GRPC_CPP_Libraries/libabsl_log_initialize.a using Guid(a7600a773b8acb248bc876586c8c6416) Importer(815301076,1909f56bfc062723c751e8b465ee728b)  -> (artifact id: '939b70efe353da31e1e1abfb7ba2a790') in 0.001433 seconds
Number of updated asset objects reloaded before import = 0
Number of asset objects unloaded after import = 1
========================================================================
Received Import Request.
  Time since last request: 0.037070 seconds.
  path: Assets/GRPC_CPP_Libraries/libabsl_log_internal_check_op.a
  artifactKey: Guid(f8b87d75ecf363a4d88c5a0400cfb588) Importer(815301076,1909f56bfc062723c751e8b465ee728b)
Start importing Assets/GRPC_CPP_Libraries/libabsl_log_internal_check_op.a using Guid(f8b87d75ecf363a4d88c5a0400cfb588) Importer(815301076,1909f56bfc062723c751e8b465ee728b)  -> (artifact id: '4e89898c8eef064fd25a8e13249529d5') in 0.001404 seconds
Number of updated asset objects reloaded before import = 0
Number of asset objects unloaded after import = 1
========================================================================
Received Import Request.
  Time since last request: 0.040625 seconds.
  path: Assets/GRPC_CPP_Libraries/libabsl_log_internal_conditions.a
  artifactKey: Guid(cd30b29b698c06f4b90049fc5f485cee) Importer(815301076,1909f56bfc062723c751e8b465ee728b)
Start importing Assets/GRPC_CPP_Libraries/libabsl_log_internal_conditions.a using Guid(cd30b29b698c06f4b90049fc5f485cee) Importer(815301076,1909f56bfc062723c751e8b465ee728b)  -> (artifact id: 'b5c2cadafde5911fe64ba2c2401b9dd9') in 0.001167 seconds
Number of updated asset objects reloaded before import = 0
Number of asset objects unloaded after import = 1
========================================================================
Received Import Request.
  Time since last request: 0.048497 seconds.
  path: Assets/GRPC_CPP_Libraries/libabsl_log_internal_fnmatch.a
  artifactKey: Guid(4c5d28b67584fb94a9df81fa8ab42539) Importer(815301076,1909f56bfc062723c751e8b465ee728b)
Start importing Assets/GRPC_CPP_Libraries/libabsl_log_internal_fnmatch.a using Guid(4c5d28b67584fb94a9df81fa8ab42539) Importer(815301076,1909f56bfc062723c751e8b465ee728b)  -> (artifact id: 'f467e86dbfda661baae11b6bb303e304') in 0.001194 seconds
Number of updated asset objects reloaded before import = 0
Number of asset objects unloaded after import = 1
========================================================================
Received Import Request.
  Time since last request: 0.038599 seconds.
  path: Assets/GRPC_CPP_Libraries/libabsl_log_internal_format.a
  artifactKey: Guid(00c7a66dd793c2d4caf5fc9e5053291f) Importer(815301076,1909f56bfc062723c751e8b465ee728b)
Start importing Assets/GRPC_CPP_Libraries/libabsl_log_internal_format.a using Guid(00c7a66dd793c2d4caf5fc9e5053291f) Importer(815301076,1909f56bfc062723c751e8b465ee728b)  -> (artifact id: 'a51a5adb4c33676f1b7dcdc8f4d27d6a') in 0.001439 seconds
Number of updated asset objects reloaded before import = 0
Number of asset objects unloaded after import = 1
========================================================================
Received Import Request.
  Time since last request: 0.038037 seconds.
  path: Assets/GRPC_CPP_Libraries/libabsl_log_internal_globals.a
  artifactKey: Guid(7e52acfa47a8af949912f039141e3ebd) Importer(815301076,1909f56bfc062723c751e8b465ee728b)
Start importing Assets/GRPC_CPP_Libraries/libabsl_log_internal_globals.a using Guid(7e52acfa47a8af949912f039141e3ebd) Importer(815301076,1909f56bfc062723c751e8b465ee728b)  -> (artifact id: 'ac3ff1aae18c5948995ca9ed9973b1e1') in 0.001197 seconds
Number of updated asset objects reloaded before import = 0
Number of asset objects unloaded after import = 1
========================================================================
Received Import Request.
  Time since last request: 0.041235 seconds.
  path: Assets/GRPC_CPP_Libraries/libabsl_log_internal_log_sink_set.a
  artifactKey: Guid(b0fd077ee155d8d469044a3151081ef9) Importer(815301076,1909f56bfc062723c751e8b465ee728b)
Start importing Assets/GRPC_CPP_Libraries/libabsl_log_internal_log_sink_set.a using Guid(b0fd077ee155d8d469044a3151081ef9) Importer(815301076,1909f56bfc062723c751e8b465ee728b)  -> (artifact id: '4085b7347fea0366427ff0ab6c633458') in 0.001035 seconds
Number of updated asset objects reloaded before import = 0
Number of asset objects unloaded after import = 1
========================================================================
Received Import Request.
  Time since last request: 0.039839 seconds.
  path: Assets/GRPC_CPP_Libraries/libabsl_log_internal_message.a
  artifactKey: Guid(878fb8e2eb16f7f4899960beee252d85) Importer(815301076,1909f56bfc062723c751e8b465ee728b)
Start importing Assets/GRPC_CPP_Libraries/libabsl_log_internal_message.a using Guid(878fb8e2eb16f7f4899960beee252d85) Importer(815301076,1909f56bfc062723c751e8b465ee728b)  -> (artifact id: '13d67a5e8a48e6f403432fb854ce1084') in 0.001418 seconds
Number of updated asset objects reloaded before import = 0
Number of asset objects unloaded after import = 1
========================================================================
Received Import Request.
  Time since last request: 0.036511 seconds.
  path: Assets/GRPC_CPP_Libraries/libabsl_log_internal_nullguard.a
  artifactKey: Guid(1c38985927887a34d89ab2e26a997a32) Importer(815301076,1909f56bfc062723c751e8b465ee728b)
Start importing Assets/GRPC_CPP_Libraries/libabsl_log_internal_nullguard.a using Guid(1c38985927887a34d89ab2e26a997a32) Importer(815301076,1909f56bfc062723c751e8b465ee728b)  -> (artifact id: 'ab5d79db235e567d31adb06d442ae5e5') in 0.001244 seconds
Number of updated asset objects reloaded before import = 0
Number of asset objects unloaded after import = 1
========================================================================
Received Import Request.
  Time since last request: 0.036484 seconds.
  path: Assets/GRPC_CPP_Libraries/libabsl_log_internal_proto.a
  artifactKey: Guid(b576da42ace107a48980fea059890f55) Importer(815301076,1909f56bfc062723c751e8b465ee728b)
Start importing Assets/GRPC_CPP_Libraries/libabsl_log_internal_proto.a using Guid(b576da42ace107a48980fea059890f55) Importer(815301076,1909f56bfc062723c751e8b465ee728b)  -> (artifact id: 'ad5690f045b96ea62203bbd0a250eec4') in 0.001389 seconds
Number of updated asset objects reloaded before import = 0
Number of asset objects unloaded after import = 1
========================================================================
Received Import Request.
  Time since last request: 0.038571 seconds.
  path: Assets/GRPC_CPP_Libraries/libabsl_log_severity.a
  artifactKey: Guid(da37795e6fa144243bbf2ec9d4770f00) Importer(815301076,1909f56bfc062723c751e8b465ee728b)
Start importing Assets/GRPC_CPP_Libraries/libabsl_log_severity.a using Guid(da37795e6fa144243bbf2ec9d4770f00) Importer(815301076,1909f56bfc062723c751e8b465ee728b)  -> (artifact id: '00440e7aadf39c155f7803119105af83') in 0.001309 seconds
Number of updated asset objects reloaded before import = 0
Number of asset objects unloaded after import = 1
========================================================================
Received Import Request.
  Time since last request: 0.036279 seconds.
  path: Assets/GRPC_CPP_Libraries/libabsl_log_sink.a
  artifactKey: Guid(a7307fcc11121814db35bc637f91698a) Importer(815301076,1909f56bfc062723c751e8b465ee728b)
Start importing Assets/GRPC_CPP_Libraries/libabsl_log_sink.a using Guid(a7307fcc11121814db35bc637f91698a) Importer(815301076,1909f56bfc062723c751e8b465ee728b)  -> (artifact id: 'd87aaecac32dd00d14195ac705591561') in 0.001256 seconds
Number of updated asset objects reloaded before import = 0
Number of asset objects unloaded after import = 1
========================================================================
Received Import Request.
  Time since last request: 0.044126 seconds.
  path: Assets/GRPC_CPP_Libraries/libabsl_low_level_hash.a
  artifactKey: Guid(875cbe771f591764986f13b3267abdfe) Importer(815301076,1909f56bfc062723c751e8b465ee728b)
Start importing Assets/GRPC_CPP_Libraries/libabsl_low_level_hash.a using Guid(875cbe771f591764986f13b3267abdfe) Importer(815301076,1909f56bfc062723c751e8b465ee728b)  -> (artifact id: '261d687120eee938596ce4a12dbc3c9c') in 0.001166 seconds
Number of updated asset objects reloaded before import = 0
Number of asset objects unloaded after import = 1
========================================================================
Received Import Request.
  Time since last request: 0.037652 seconds.
  path: Assets/GRPC_CPP_Libraries/libabsl_malloc_internal.a
  artifactKey: Guid(8c00afcfb51bf9049b73f1ad2562553e) Importer(815301076,1909f56bfc062723c751e8b465ee728b)
Start importing Assets/GRPC_CPP_Libraries/libabsl_malloc_internal.a using Guid(8c00afcfb51bf9049b73f1ad2562553e) Importer(815301076,1909f56bfc062723c751e8b465ee728b)  -> (artifact id: 'ca0de7417a6b3860edc6383036effa7a') in 0.001212 seconds
Number of updated asset objects reloaded before import = 0
Number of asset objects unloaded after import = 1
========================================================================
Received Import Request.
  Time since last request: 0.040160 seconds.
  path: Assets/GRPC_CPP_Libraries/libabsl_periodic_sampler.a
  artifactKey: Guid(a8a7ecd6ca9c0e14699cbdc7d5200bf7) Importer(815301076,1909f56bfc062723c751e8b465ee728b)
Start importing Assets/GRPC_CPP_Libraries/libabsl_periodic_sampler.a using Guid(a8a7ecd6ca9c0e14699cbdc7d5200bf7) Importer(815301076,1909f56bfc062723c751e8b465ee728b)  -> (artifact id: 'e1f993da98762ddb92d2c47e1dbd7dc8') in 0.001112 seconds
Number of updated asset objects reloaded before import = 0
Number of asset objects unloaded after import = 1
========================================================================
Received Import Request.
  Time since last request: 0.037923 seconds.
  path: Assets/GRPC_CPP_Libraries/libabsl_random_distributions.a
  artifactKey: Guid(5f902498cf982b34e9cdc865b21dfd5d) Importer(815301076,1909f56bfc062723c751e8b465ee728b)
Start importing Assets/GRPC_CPP_Libraries/libabsl_random_distributions.a using Guid(5f902498cf982b34e9cdc865b21dfd5d) Importer(815301076,1909f56bfc062723c751e8b465ee728b)  -> (artifact id: 'ea5f723f50b8a741781fb5f6a026754d') in 0.001319 seconds
Number of updated asset objects reloaded before import = 0
Number of asset objects unloaded after import = 1
========================================================================
Received Import Request.
  Time since last request: 0.036275 seconds.
  path: Assets/GRPC_CPP_Libraries/libabsl_random_internal_distribution_test_util.a
  artifactKey: Guid(56b927232af655e43955f50d545e32e6) Importer(815301076,1909f56bfc062723c751e8b465ee728b)
Start importing Assets/GRPC_CPP_Libraries/libabsl_random_internal_distribution_test_util.a using Guid(56b927232af655e43955f50d545e32e6) Importer(815301076,1909f56bfc062723c751e8b465ee728b)  -> (artifact id: '94738b0e54636d82ce4a36dcad12addc') in 0.001229 seconds
Number of updated asset objects reloaded before import = 0
Number of asset objects unloaded after import = 1
========================================================================
Received Import Request.
  Time since last request: 0.040728 seconds.
  path: Assets/GRPC_CPP_Libraries/libabsl_random_internal_platform.a
  artifactKey: Guid(fe053c813952ac2428aa3dba4ae515c2) Importer(815301076,1909f56bfc062723c751e8b465ee728b)
Start importing Assets/GRPC_CPP_Libraries/libabsl_random_internal_platform.a using Guid(fe053c813952ac2428aa3dba4ae515c2) Importer(815301076,1909f56bfc062723c751e8b465ee728b)  -> (artifact id: '13247f97091c149e5915615d3e6a017b') in 0.001210 seconds
Number of updated asset objects reloaded before import = 0
Number of asset objects unloaded after import = 1
========================================================================
Received Import Request.
  Time since last request: 0.038994 seconds.
  path: Assets/GRPC_CPP_Libraries/libabsl_random_internal_pool_urbg.a
  artifactKey: Guid(23257812badadc642bbed90f96215834) Importer(815301076,1909f56bfc062723c751e8b465ee728b)
Start importing Assets/GRPC_CPP_Libraries/libabsl_random_internal_pool_urbg.a using Guid(23257812badadc642bbed90f96215834) Importer(815301076,1909f56bfc062723c751e8b465ee728b)  -> (artifact id: '559c63d723cd90cda1a28c34cc091415') in 0.001281 seconds
Number of updated asset objects reloaded before import = 0
Number of asset objects unloaded after import = 1
========================================================================
Received Import Request.
  Time since last request: 0.036864 seconds.
  path: Assets/GRPC_CPP_Libraries/libabsl_random_internal_randen.a
  artifactKey: Guid(55162db31cda1c94d8abffbdc0991ad5) Importer(815301076,1909f56bfc062723c751e8b465ee728b)
Start importing Assets/GRPC_CPP_Libraries/libabsl_random_internal_randen.a using Guid(55162db31cda1c94d8abffbdc0991ad5) Importer(815301076,1909f56bfc062723c751e8b465ee728b)  -> (artifact id: '3610f1d6ffc2d25f16b552d84cba8232') in 0.001244 seconds
Number of updated asset objects reloaded before import = 0
Number of asset objects unloaded after import = 1
========================================================================
Received Import Request.
  Time since last request: 0.037528 seconds.
  path: Assets/GRPC_CPP_Libraries/libabsl_random_internal_randen_hwaes.a
  artifactKey: Guid(34fb8ba02f92de044b39c43f85ded247) Importer(815301076,1909f56bfc062723c751e8b465ee728b)
Start importing Assets/GRPC_CPP_Libraries/libabsl_random_internal_randen_hwaes.a using Guid(34fb8ba02f92de044b39c43f85ded247) Importer(815301076,1909f56bfc062723c751e8b465ee728b)  -> (artifact id: '8a3ca031b221837f97012a5de0bffe25') in 0.001322 seconds
Number of updated asset objects reloaded before import = 0
Number of asset objects unloaded after import = 1
========================================================================
Received Import Request.
  Time since last request: 0.040699 seconds.
  path: Assets/GRPC_CPP_Libraries/libabsl_random_internal_randen_hwaes_impl.a
  artifactKey: Guid(a966dc0d912974e42a4425fc4250d9c1) Importer(815301076,1909f56bfc062723c751e8b465ee728b)
Start importing Assets/GRPC_CPP_Libraries/libabsl_random_internal_randen_hwaes_impl.a using Guid(a966dc0d912974e42a4425fc4250d9c1) Importer(815301076,1909f56bfc062723c751e8b465ee728b)  -> (artifact id: 'ef2e550e378a934cd0c2f191ebb3a0dd') in 0.001214 seconds
Number of updated asset objects reloaded before import = 0
Number of asset objects unloaded after import = 1
========================================================================
Received Import Request.
  Time since last request: 0.040980 seconds.
  path: Assets/GRPC_CPP_Libraries/libabsl_random_internal_randen_slow.a
  artifactKey: Guid(9cb1bcbdd58b45d488f055f93010e093) Importer(815301076,1909f56bfc062723c751e8b465ee728b)
Start importing Assets/GRPC_CPP_Libraries/libabsl_random_internal_randen_slow.a using Guid(9cb1bcbdd58b45d488f055f93010e093) Importer(815301076,1909f56bfc062723c751e8b465ee728b)  -> (artifact id: '963290759fd12968e900f35849c5319c') in 0.001324 seconds
Number of updated asset objects reloaded before import = 0
Number of asset objects unloaded after import = 1
========================================================================
Received Import Request.
  Time since last request: 0.036786 seconds.
  path: Assets/GRPC_CPP_Libraries/libabsl_random_internal_seed_material.a
  artifactKey: Guid(a76a5e9dd8f3c6e4da45e8c7ee06fdff) Importer(815301076,1909f56bfc062723c751e8b465ee728b)
Start importing Assets/GRPC_CPP_Libraries/libabsl_random_internal_seed_material.a using Guid(a76a5e9dd8f3c6e4da45e8c7ee06fdff) Importer(815301076,1909f56bfc062723c751e8b465ee728b)  -> (artifact id: '0dc5cc16d05540ec60dd43f9822941a1') in 0.001195 seconds
Number of updated asset objects reloaded before import = 0
Number of asset objects unloaded after import = 1
========================================================================
Received Import Request.
  Time since last request: 0.036042 seconds.
  path: Assets/GRPC_CPP_Libraries/libabsl_random_seed_gen_exception.a
  artifactKey: Guid(5f8cc4d04f5e8e64a9db552afd307792) Importer(815301076,1909f56bfc062723c751e8b465ee728b)
Start importing Assets/GRPC_CPP_Libraries/libabsl_random_seed_gen_exception.a using Guid(5f8cc4d04f5e8e64a9db552afd307792) Importer(815301076,1909f56bfc062723c751e8b465ee728b)  -> (artifact id: '95ca90c4ba9c84ba52aadab225f9ff5e') in 0.001133 seconds
Number of updated asset objects reloaded before import = 0
Number of asset objects unloaded after import = 1
========================================================================
Received Import Request.
  Time since last request: 0.036792 seconds.
  path: Assets/GRPC_CPP_Libraries/libabsl_random_seed_sequences.a
  artifactKey: Guid(ef7291113c8f5874498a333296d8414e) Importer(815301076,1909f56bfc062723c751e8b465ee728b)
Start importing Assets/GRPC_CPP_Libraries/libabsl_random_seed_sequences.a using Guid(ef7291113c8f5874498a333296d8414e) Importer(815301076,1909f56bfc062723c751e8b465ee728b)  -> (artifact id: 'b56ead3fb5cfda1777e72c5c42f11682') in 0.001225 seconds
Number of updated asset objects reloaded before import = 0
Number of asset objects unloaded after import = 1
========================================================================
Received Import Request.
  Time since last request: 0.039934 seconds.
  path: Assets/GRPC_CPP_Libraries/libabsl_raw_hash_set.a
  artifactKey: Guid(45600ba3da465824aa051070e3affd47) Importer(815301076,1909f56bfc062723c751e8b465ee728b)
Start importing Assets/GRPC_CPP_Libraries/libabsl_raw_hash_set.a using Guid(45600ba3da465824aa051070e3affd47) Importer(815301076,1909f56bfc062723c751e8b465ee728b)  -> (artifact id: 'e6963ca4c27e7ea167177ad2ff714042') in 0.001163 seconds
Number of updated asset objects reloaded before import = 0
Number of asset objects unloaded after import = 1
========================================================================
Received Import Request.
  Time since last request: 0.040216 seconds.
  path: Assets/GRPC_CPP_Libraries/libabsl_raw_logging_internal.a
  artifactKey: Guid(fc84a10773a324c448cc45ccf638416d) Importer(815301076,1909f56bfc062723c751e8b465ee728b)
Start importing Assets/GRPC_CPP_Libraries/libabsl_raw_logging_internal.a using Guid(fc84a10773a324c448cc45ccf638416d) Importer(815301076,1909f56bfc062723c751e8b465ee728b)  -> (artifact id: '4e6c47d93def7017b547acae1222b4c6') in 0.001216 seconds
Number of updated asset objects reloaded before import = 0
Number of asset objects unloaded after import = 1
========================================================================
Received Import Request.
  Time since last request: 0.036286 seconds.
  path: Assets/GRPC_CPP_Libraries/libabsl_scoped_set_env.a
  artifactKey: Guid(68862ee7d47d36d49b5ff6f533dafc52) Importer(815301076,1909f56bfc062723c751e8b465ee728b)
Start importing Assets/GRPC_CPP_Libraries/libabsl_scoped_set_env.a using Guid(68862ee7d47d36d49b5ff6f533dafc52) Importer(815301076,1909f56bfc062723c751e8b465ee728b)  -> (artifact id: 'b97dd3399c0e90c45d9794a15a850dd9') in 0.001238 seconds
Number of updated asset objects reloaded before import = 0
Number of asset objects unloaded after import = 1
========================================================================
Received Import Request.
  Time since last request: 0.036543 seconds.
  path: Assets/GRPC_CPP_Libraries/libabsl_spinlock_wait.a
  artifactKey: Guid(5fe5fcd36e9233d40904fcdc15d884cf) Importer(815301076,1909f56bfc062723c751e8b465ee728b)
Start importing Assets/GRPC_CPP_Libraries/libabsl_spinlock_wait.a using Guid(5fe5fcd36e9233d40904fcdc15d884cf) Importer(815301076,1909f56bfc062723c751e8b465ee728b)  -> (artifact id: 'b33cbf9e58c844f7a87f7962ad80b482') in 0.001180 seconds
Number of updated asset objects reloaded before import = 0
Number of asset objects unloaded after import = 1
========================================================================
Received Import Request.
  Time since last request: 0.039622 seconds.
  path: Assets/GRPC_CPP_Libraries/libabsl_stacktrace.a
  artifactKey: Guid(b642d60c1fcf03242b44f486bf9e6875) Importer(815301076,1909f56bfc062723c751e8b465ee728b)
Start importing Assets/GRPC_CPP_Libraries/libabsl_stacktrace.a using Guid(b642d60c1fcf03242b44f486bf9e6875) Importer(815301076,1909f56bfc062723c751e8b465ee728b)  -> (artifact id: 'd27f5cad3217735eca4bf815a972935b') in 0.001305 seconds
Number of updated asset objects reloaded before import = 0
Number of asset objects unloaded after import = 1
========================================================================
Received Import Request.
  Time since last request: 0.036901 seconds.
  path: Assets/GRPC_CPP_Libraries/libabsl_status.a
  artifactKey: Guid(0efa1dcbe9e6da444936b1f3caf1e096) Importer(815301076,1909f56bfc062723c751e8b465ee728b)
Start importing Assets/GRPC_CPP_Libraries/libabsl_status.a using Guid(0efa1dcbe9e6da444936b1f3caf1e096) Importer(815301076,1909f56bfc062723c751e8b465ee728b)  -> (artifact id: 'e664944e80a08395cc6a89fc623e6bce') in 0.001274 seconds
Number of updated asset objects reloaded before import = 0
Number of asset objects unloaded after import = 1
========================================================================
Received Import Request.
  Time since last request: 0.042323 seconds.
  path: Assets/GRPC_CPP_Libraries/libabsl_statusor.a
  artifactKey: Guid(a037d2b9e82373247a8775a3ed7de1dc) Importer(815301076,1909f56bfc062723c751e8b465ee728b)
Start importing Assets/GRPC_CPP_Libraries/libabsl_statusor.a using Guid(a037d2b9e82373247a8775a3ed7de1dc) Importer(815301076,1909f56bfc062723c751e8b465ee728b)  -> (artifact id: 'fa26f06333bad5989851c3182c9be3f8') in 0.001251 seconds
Number of updated asset objects reloaded before import = 0
Number of asset objects unloaded after import = 1
========================================================================
Received Import Request.
  Time since last request: 0.037492 seconds.
  path: Assets/GRPC_CPP_Libraries/libabsl_str_format_internal.a
  artifactKey: Guid(056ea2c684fd11644a82537aee2b9575) Importer(815301076,1909f56bfc062723c751e8b465ee728b)
Start importing Assets/GRPC_CPP_Libraries/libabsl_str_format_internal.a using Guid(056ea2c684fd11644a82537aee2b9575) Importer(815301076,1909f56bfc062723c751e8b465ee728b)  -> (artifact id: '6870c48d664fec8e912a21199a17b82a') in 0.001235 seconds
Number of updated asset objects reloaded before import = 0
Number of asset objects unloaded after import = 1
========================================================================
Received Import Request.
  Time since last request: 0.036196 seconds.
  path: Assets/GRPC_CPP_Libraries/libabsl_strerror.a
  artifactKey: Guid(bbcb761705ba88d43a3f8aabf85c5bbb) Importer(815301076,1909f56bfc062723c751e8b465ee728b)
Start importing Assets/GRPC_CPP_Libraries/libabsl_strerror.a using Guid(bbcb761705ba88d43a3f8aabf85c5bbb) Importer(815301076,1909f56bfc062723c751e8b465ee728b)  -> (artifact id: '4948516047a1225a011119f0e4fe16dc') in 0.001255 seconds
Number of updated asset objects reloaded before import = 0
Number of asset objects unloaded after import = 1
========================================================================
Received Import Request.
  Time since last request: 0.037131 seconds.
  path: Assets/GRPC_CPP_Libraries/libabsl_string_view.a
  artifactKey: Guid(052e4be35d099694c9d6b4d157c7b811) Importer(815301076,1909f56bfc062723c751e8b465ee728b)
Start importing Assets/GRPC_CPP_Libraries/libabsl_string_view.a using Guid(052e4be35d099694c9d6b4d157c7b811) Importer(815301076,1909f56bfc062723c751e8b465ee728b)  -> (artifact id: '60bb2c449b053374ed0578c7ec6d6062') in 0.001161 seconds
Number of updated asset objects reloaded before import = 0
Number of asset objects unloaded after import = 1
========================================================================
Received Import Request.
  Time since last request: 0.036989 seconds.
  path: Assets/GRPC_CPP_Libraries/libabsl_strings.a
  artifactKey: Guid(579e5c0513f38234aa3172e72b05a4d8) Importer(815301076,1909f56bfc062723c751e8b465ee728b)
Start importing Assets/GRPC_CPP_Libraries/libabsl_strings.a using Guid(579e5c0513f38234aa3172e72b05a4d8) Importer(815301076,1909f56bfc062723c751e8b465ee728b)  -> (artifact id: 'e4f7fa644c86301a96850ef54b81673f') in 0.001379 seconds
Number of updated asset objects reloaded before import = 0
Number of asset objects unloaded after import = 1
========================================================================
Received Import Request.
  Time since last request: 0.040145 seconds.
  path: Assets/GRPC_CPP_Libraries/libabsl_strings_internal.a
  artifactKey: Guid(74a2f01509d12b14bbc808d28e2bb81c) Importer(815301076,1909f56bfc062723c751e8b465ee728b)
Start importing Assets/GRPC_CPP_Libraries/libabsl_strings_internal.a using Guid(74a2f01509d12b14bbc808d28e2bb81c) Importer(815301076,1909f56bfc062723c751e8b465ee728b)  -> (artifact id: '8ebf7b73fb028a62e609f4cd218b14b2') in 0.001207 seconds
Number of updated asset objects reloaded before import = 0
Number of asset objects unloaded after import = 1
========================================================================
Received Import Request.
  Time since last request: 0.043094 seconds.
  path: Assets/GRPC_CPP_Libraries/libabsl_symbolize.a
  artifactKey: Guid(a67e249ac42051347b61e9cd583f1729) Importer(815301076,1909f56bfc062723c751e8b465ee728b)
Start importing Assets/GRPC_CPP_Libraries/libabsl_symbolize.a using Guid(a67e249ac42051347b61e9cd583f1729) Importer(815301076,1909f56bfc062723c751e8b465ee728b)  -> (artifact id: '6c8a784b254277b5a5dfd8a3fdde140b') in 0.001156 seconds
Number of updated asset objects reloaded before import = 0
Number of asset objects unloaded after import = 1
========================================================================
Received Import Request.
  Time since last request: 0.036744 seconds.
  path: Assets/GRPC_CPP_Libraries/libabsl_synchronization.a
  artifactKey: Guid(44c9f0875263baf4a828ddf5f10cd93a) Importer(815301076,1909f56bfc062723c751e8b465ee728b)
Start importing Assets/GRPC_CPP_Libraries/libabsl_synchronization.a using Guid(44c9f0875263baf4a828ddf5f10cd93a) Importer(815301076,1909f56bfc062723c751e8b465ee728b)  -> (artifact id: '6e5d2ecd8b63b86aaef4116e1127508e') in 0.001235 seconds
Number of updated asset objects reloaded before import = 0
Number of asset objects unloaded after import = 1
========================================================================
Received Import Request.
  Time since last request: 0.037204 seconds.
  path: Assets/GRPC_CPP_Libraries/libabsl_throw_delegate.a
  artifactKey: Guid(36c53f84c4116114eaca2c30b00596a8) Importer(815301076,1909f56bfc062723c751e8b465ee728b)
Start importing Assets/GRPC_CPP_Libraries/libabsl_throw_delegate.a using Guid(36c53f84c4116114eaca2c30b00596a8) Importer(815301076,1909f56bfc062723c751e8b465ee728b)  -> (artifact id: '3112d886209fcaf40f0549ae697d2937') in 0.001196 seconds
Number of updated asset objects reloaded before import = 0
Number of asset objects unloaded after import = 1
========================================================================
Received Import Request.
  Time since last request: 0.037593 seconds.
  path: Assets/GRPC_CPP_Libraries/libabsl_time.a
  artifactKey: Guid(0445a437009a90b4bbef8568af84d2d3) Importer(815301076,1909f56bfc062723c751e8b465ee728b)
Start importing Assets/GRPC_CPP_Libraries/libabsl_time.a using Guid(0445a437009a90b4bbef8568af84d2d3) Importer(815301076,1909f56bfc062723c751e8b465ee728b)  -> (artifact id: '8075c0df17420aa0c1f4c81ed18ab6b8') in 0.001167 seconds
Number of updated asset objects reloaded before import = 0
Number of asset objects unloaded after import = 1
========================================================================
Received Import Request.
  Time since last request: 24.832619 seconds.
  path: Assets/GRPC_CPP_Libraries/libabsl_bad_any_cast_impl.a
  artifactKey: Guid(be45bafb85886264a8aec12d5d1caf26) Importer(815301076,1909f56bfc062723c751e8b465ee728b)
Start importing Assets/GRPC_CPP_Libraries/libabsl_bad_any_cast_impl.a using Guid(be45bafb85886264a8aec12d5d1caf26) Importer(815301076,1909f56bfc062723c751e8b465ee728b)  -> (artifact id: '8c63ab66ba9ec54369576209c012c5b8') in 0.001272 seconds
Number of updated asset objects reloaded before import = 0
Number of asset objects unloaded after import = 1
========================================================================
Received Prepare
Refreshing native plugins compatible for Editor in 6.56 ms, found 3 plugins.
Preloading 0 native plugins for Editor in 0.00 ms.
Unloading 0 Unused Serialized files (Serialized files now loaded: 0)
Unloading 1 unused Assets / (0.9 KB). Loaded Objects now: 3562.
Memory consumption went from 78.4 MB to 78.4 MB.
Total: 2.899400 ms (FindLiveObjects: 0.225700 ms CreateObjectMapping: 0.106600 ms MarkObjects: 2.547700 ms  DeleteObjects: 0.018700 ms)

Prepare: number of updated asset objects reloaded= 0
AssetImportParameters requested are different than current active one (requested -> active):
  custom:container-demuxer-ogg: 62fdf1f143b41e24485cea50d1cbac27 -> 
  custom:video-decoder-ogg-theora: a1e56fd34408186e4bbccfd4996cb3dc -> 
  custom:framework-win-MediaFoundation: 216162199b28c13a410421893ffa2e32 -> 
  custom:CustomObjectIndexerAttribute: 9a22284fe3817be447336de3de66b15e -> 
  custom:container-demuxer-webm: 4f35f7cbe854078d1ac9338744f61a02 -> 
  custom:container-muxer-webm: aa71ff27fc2769a1b78a27578f13a17b -> 
  custom:video-decoder-webm-vp8: 9c59270c3fd7afecdb556c50c9e8de78 -> 
  custom:SearchIndexIgnoredProperties: e643bd26f0fe6173181afceb89e7c659 -> 
  custom:AudioImporter_EditorPlatform: d09bf68614088b80899f8185d706f6e7 -> 
  custom:video-encoder-webm-vp8: eb34c28f22e8b96e1ab97ce403110664 -> 
  custom:audio-decoder-ogg-vorbis: bf7c407c2cedff20999df2af8eb42d56 -> 
  custom:audio-encoder-webm-vorbis: bf7c407c2cedff20999df2af8eb42d56 -> 
========================================================================
Received Prepare
Refreshing native plugins compatible for Editor in 6.91 ms, found 3 plugins.
Preloading 0 native plugins for Editor in 0.00 ms.
Unloading 1 Unused Serialized files (Serialized files now loaded: 0)
Unloading 1 unused Assets / (3.1 KB). Loaded Objects now: 3562.
Memory consumption went from 78.7 MB to 78.7 MB.
Total: 3.174100 ms (FindLiveObjects: 0.241000 ms CreateObjectMapping: 0.110700 ms MarkObjects: 2.790900 ms  DeleteObjects: 0.030400 ms)

Prepare: number of updated asset objects reloaded= 0
AssetImportParameters requested are different than current active one (requested -> active):
  custom:container-demuxer-ogg: 62fdf1f143b41e24485cea50d1cbac27 -> 
  custom:video-decoder-ogg-theora: a1e56fd34408186e4bbccfd4996cb3dc -> 
  custom:framework-win-MediaFoundation: 216162199b28c13a410421893ffa2e32 -> 
  custom:CustomObjectIndexerAttribute: 9a22284fe3817be447336de3de66b15e -> 
  custom:container-demuxer-webm: 4f35f7cbe854078d1ac9338744f61a02 -> 
  custom:container-muxer-webm: aa71ff27fc2769a1b78a27578f13a17b -> 
  custom:video-decoder-webm-vp8: 9c59270c3fd7afecdb556c50c9e8de78 -> 
  custom:SearchIndexIgnoredProperties: e643bd26f0fe6173181afceb89e7c659 -> 
  custom:AudioImporter_EditorPlatform: d09bf68614088b80899f8185d706f6e7 -> 
  custom:video-encoder-webm-vp8: eb34c28f22e8b96e1ab97ce403110664 -> 
  custom:audio-decoder-ogg-vorbis: bf7c407c2cedff20999df2af8eb42d56 -> 
  custom:audio-encoder-webm-vorbis: bf7c407c2cedff20999df2af8eb42d56 -> 
========================================================================
Received Prepare
Refreshing native plugins compatible for Editor in 5.74 ms, found 3 plugins.
Preloading 0 native plugins for Editor in 0.00 ms.
Unloading 1 Unused Serialized files (Serialized files now loaded: 0)
Unloading 1 unused Assets / (3.1 KB). Loaded Objects now: 3562.
Memory consumption went from 78.7 MB to 78.7 MB.
Total: 2.924100 ms (FindLiveObjects: 0.209600 ms CreateObjectMapping: 0.065900 ms MarkObjects: 2.630600 ms  DeleteObjects: 0.017400 ms)

Prepare: number of updated asset objects reloaded= 0
AssetImportParameters requested are different than current active one (requested -> active):
  custom:container-demuxer-ogg: 62fdf1f143b41e24485cea50d1cbac27 -> 
  custom:video-decoder-ogg-theora: a1e56fd34408186e4bbccfd4996cb3dc -> 
  custom:framework-win-MediaFoundation: 216162199b28c13a410421893ffa2e32 -> 
  custom:CustomObjectIndexerAttribute: 9a22284fe3817be447336de3de66b15e -> 
  custom:container-demuxer-webm: 4f35f7cbe854078d1ac9338744f61a02 -> 
  custom:container-muxer-webm: aa71ff27fc2769a1b78a27578f13a17b -> 
  custom:video-decoder-webm-vp8: 9c59270c3fd7afecdb556c50c9e8de78 -> 
  custom:SearchIndexIgnoredProperties: e643bd26f0fe6173181afceb89e7c659 -> 
  custom:AudioImporter_EditorPlatform: d09bf68614088b80899f8185d706f6e7 -> 
  custom:video-encoder-webm-vp8: eb34c28f22e8b96e1ab97ce403110664 -> 
  custom:audio-decoder-ogg-vorbis: bf7c407c2cedff20999df2af8eb42d56 -> 
  custom:audio-encoder-webm-vorbis: bf7c407c2cedff20999df2af8eb42d56 -> 
